----------------------------------------------------------------
Tue Jan 28 14:43:06 ART 2014:
 Arrancando Derby versión The Apache Software Foundation - Apache Derby - 10.9.1.0 - (1344872): instancia a816c00e-0143-d9f2-84cf-0000424c7b88 
en el directorio de base de datos C:\Users\win7\AppData\Local\Temp\gfembed878644877978228740tmp\lib\databases\ejbtimer  con el cargador de clases sun.misc.Launcher$AppClassLoader@779c86c5

java.vendor=Oracle Corporation
java.runtime.version=1.7.0_51-b13
user.dir=C:\Users\win7\Documents\NetBeansProjects\Melanie\trunk\EJBMelani
derby.system.home=null
Cargador de clases de base de datos iniciado - derby.database.classpath=''
----------------------------------------------------------------
Tue Jan 28 14:43:32 ART 2014:
 Arrancando Derby versión The Apache Software Foundation - Apache Derby - 10.9.1.0 - (1344872): instancia 6ede40af-0143-d9f2-84cf-0000424c7b88 
en el directorio de base de datos C:\Users\win7\AppData\Local\Temp\gfembed6718842306696565288tmp\lib\databases\ejbtimer  con el cargador de clases sun.misc.Launcher$AppClassLoader@779c86c5

java.vendor=Oracle Corporation
java.runtime.version=1.7.0_51-b13
user.dir=C:\Users\win7\Documents\NetBeansProjects\Melanie\trunk\EJBMelani
derby.system.home=null
Cargador de clases de base de datos iniciado - derby.database.classpath=''
----------------------------------------------------------------
Tue Jan 28 14:43:59 ART 2014:
 Arrancando Derby versión The Apache Software Foundation - Apache Derby - 10.9.1.0 - (1344872): instancia de4ec14e-0143-d9f2-84cf-0000424c7b88 
en el directorio de base de datos C:\Users\win7\AppData\Local\Temp\gfembed575605528247400882tmp\lib\databases\ejbtimer  con el cargador de clases sun.misc.Launcher$AppClassLoader@779c86c5

java.vendor=Oracle Corporation
java.runtime.version=1.7.0_51-b13
user.dir=C:\Users\win7\Documents\NetBeansProjects\Melanie\trunk\EJBMelani
derby.system.home=null
Cargador de clases de base de datos iniciado - derby.database.classpath=''
----------------------------------------------------------------
Tue Jan 28 14:44:27 ART 2014:
 Arrancando Derby versión The Apache Software Foundation - Apache Derby - 10.9.1.0 - (1344872): instancia 366f81ed-0143-d9f2-84cf-0000424c7b88 
en el directorio de base de datos C:\Users\win7\AppData\Local\Temp\gfembed3490998352349321976tmp\lib\databases\ejbtimer  con el cargador de clases sun.misc.Launcher$AppClassLoader@779c86c5

java.vendor=Oracle Corporation
java.runtime.version=1.7.0_51-b13
user.dir=C:\Users\win7\Documents\NetBeansProjects\Melanie\trunk\EJBMelani
derby.system.home=null
Cargador de clases de base de datos iniciado - derby.database.classpath=''
----------------------------------------------------------------
Tue Jan 28 14:44:57 ART 2014:
 Arrancando Derby versión The Apache Software Foundation - Apache Derby - 10.9.1.0 - (1344872): instancia 6740828c-0143-d9f2-84cf-0000424c7b88 
en el directorio de base de datos C:\Users\win7\AppData\Local\Temp\gfembed8225885759763902770tmp\lib\databases\ejbtimer  con el cargador de clases sun.misc.Launcher$AppClassLoader@779c86c5

java.vendor=Oracle Corporation
java.runtime.version=1.7.0_51-b13
user.dir=C:\Users\win7\Documents\NetBeansProjects\Melanie\trunk\EJBMelani
derby.system.home=null
Cargador de clases de base de datos iniciado - derby.database.classpath=''
